<?xml version="1.0" encoding="UTF-8"?>
<!-- Generated by org.testng.reporters.JUnitReportReporter -->
<testsuite hostname="sravs" failures="0" tests="1" name="Excelr.OrderAnItem" time="9.795" errors="0" timestamp="2023-10-04T15:23:48 IST" skipped="0">
  <testcase classname="Excelr.OrderAnItem" name="OrderByAddtoCart" time="9.795"/>
</testsuite> <!-- Excelr.OrderAnItem -->
