<?xml version="1.0" encoding="UTF-8"?>
<!-- Generated by org.testng.reporters.JUnitReportReporter -->
<testsuite hostname="sravs" failures="0" tests="1" name="Excelr.LaunchingURL" time="1.754" errors="0" timestamp="2023-10-04T15:23:51 IST" skipped="0">
  <testcase classname="Excelr.LaunchingURL" name="launchbrowser" time="1.754"/>
</testsuite> <!-- Excelr.LaunchingURL -->
